This is pdfTeX, Version 3.141592653-2.6-1.40.24 (TeX Live 2022) (preloaded format=pdflatex 2022.9.29)  27 JAN 2024 16:13
entering extended mode
 restricted \write18 enabled.
 %&-line parsing enabled.
**phylogeny-informed-subsampling-supplemental.tex
(./phylogeny-informed-subsampling-supplemental.tex
LaTeX2e <2022-06-01> patch level 5
L3 programming layer <2022-08-30> (/Users/lalejina/Library/TinyTeX/texmf-dist/tex/latex/base/book.cls
Document Class: book 2022/07/02 v1.4n Standard LaTeX document class
(/Users/lalejina/Library/TinyTeX/texmf-dist/tex/latex/base/bk10.clo
File: bk10.clo 2022/07/02 v1.4n Standard LaTeX file (size option)
)
\c@part=\count185
\c@chapter=\count186
\c@section=\count187
\c@subsection=\count188
\c@subsubsection=\count189
\c@paragraph=\count190
\c@subparagraph=\count191
\c@figure=\count192
\c@table=\count193
\abovecaptionskip=\skip47
\belowcaptionskip=\skip48
\bibindent=\dimen138
) (/Users/lalejina/Library/TinyTeX/texmf-dist/tex/latex/amsmath/amsmath.sty
Package: amsmath 2022/04/08 v2.17n AMS math features
\@mathmargin=\skip49
For additional information on amsmath, use the `?' option.
(/Users/lalejina/Library/TinyTeX/texmf-dist/tex/latex/amsmath/amstext.sty
Package: amstext 2021/08/26 v2.01 AMS text
(/Users/lalejina/Library/TinyTeX/texmf-dist/tex/latex/amsmath/amsgen.sty
File: amsgen.sty 1999/11/30 v2.0 generic functions
\@emptytoks=\toks16
\ex@=\dimen139
)) (/Users/lalejina/Library/TinyTeX/texmf-dist/tex/latex/amsmath/amsbsy.sty
Package: amsbsy 1999/11/29 v1.2d Bold Symbols
\pmbraise@=\dimen140
) (/Users/lalejina/Library/TinyTeX/texmf-dist/tex/latex/amsmath/amsopn.sty
Package: amsopn 2022/04/08 v2.04 operator names
)
\inf@bad=\count194
LaTeX Info: Redefining \frac on input line 234.
\uproot@=\count195
\leftroot@=\count196
LaTeX Info: Redefining \overline on input line 399.
LaTeX Info: Redefining \colon on input line 410.
\classnum@=\count197
\DOTSCASE@=\count198
LaTeX Info: Redefining \ldots on input line 496.
LaTeX Info: Redefining \dots on input line 499.
LaTeX Info: Redefining \cdots on input line 620.
\Mathstrutbox@=\box51
\strutbox@=\box52
LaTeX Info: Redefining \big on input line 722.
LaTeX Info: Redefining \Big on input line 723.
LaTeX Info: Redefining \bigg on input line 724.
LaTeX Info: Redefining \Bigg on input line 725.
\big@size=\dimen141
LaTeX Font Info:    Redeclaring font encoding OML on input line 743.
LaTeX Font Info:    Redeclaring font encoding OMS on input line 744.
\macc@depth=\count199
LaTeX Info: Redefining \bmod on input line 905.
LaTeX Info: Redefining \pmod on input line 910.
LaTeX Info: Redefining \smash on input line 940.
LaTeX Info: Redefining \relbar on input line 970.
LaTeX Info: Redefining \Relbar on input line 971.
\c@MaxMatrixCols=\count266
\dotsspace@=\muskip16
\c@parentequation=\count267
\dspbrk@lvl=\count268
\tag@help=\toks17
\row@=\count269
\column@=\count270
\maxfields@=\count271
\andhelp@=\toks18
\eqnshift@=\dimen142
\alignsep@=\dimen143
\tagshift@=\dimen144
\tagwidth@=\dimen145
\totwidth@=\dimen146
\lineht@=\dimen147
\@envbody=\toks19
\multlinegap=\skip50
\multlinetaggap=\skip51
\mathdisplay@stack=\toks20
LaTeX Info: Redefining \[ on input line 2953.
LaTeX Info: Redefining \] on input line 2954.
) (/Users/lalejina/Library/TinyTeX/texmf-dist/tex/latex/amsfonts/amssymb.sty
Package: amssymb 2013/01/14 v3.01 AMS font symbols
(/Users/lalejina/Library/TinyTeX/texmf-dist/tex/latex/amsfonts/amsfonts.sty
Package: amsfonts 2013/01/14 v3.01 Basic AMSFonts support
\symAMSa=\mathgroup4
\symAMSb=\mathgroup5
LaTeX Font Info:    Redeclaring math symbol \hbar on input line 98.
LaTeX Font Info:    Overwriting math alphabet `\mathfrak' in version `bold'
(Font)                  U/euf/m/n --> U/euf/b/n on input line 106.
)) (/Users/lalejina/Library/TinyTeX/texmf-dist/tex/latex/lm/lmodern.sty
Package: lmodern 2015/05/01 v1.6.1 Latin Modern Fonts
LaTeX Font Info:    Overwriting symbol font `operators' in version `normal'
(Font)                  OT1/cmr/m/n --> OT1/lmr/m/n on input line 22.
LaTeX Font Info:    Overwriting symbol font `letters' in version `normal'
(Font)                  OML/cmm/m/it --> OML/lmm/m/it on input line 23.
LaTeX Font Info:    Overwriting symbol font `symbols' in version `normal'
(Font)                  OMS/cmsy/m/n --> OMS/lmsy/m/n on input line 24.
LaTeX Font Info:    Overwriting symbol font `largesymbols' in version `normal'
(Font)                  OMX/cmex/m/n --> OMX/lmex/m/n on input line 25.
LaTeX Font Info:    Overwriting symbol font `operators' in version `bold'
(Font)                  OT1/cmr/bx/n --> OT1/lmr/bx/n on input line 26.
LaTeX Font Info:    Overwriting symbol font `letters' in version `bold'
(Font)                  OML/cmm/b/it --> OML/lmm/b/it on input line 27.
LaTeX Font Info:    Overwriting symbol font `symbols' in version `bold'
(Font)                  OMS/cmsy/b/n --> OMS/lmsy/b/n on input line 28.
LaTeX Font Info:    Overwriting symbol font `largesymbols' in version `bold'
(Font)                  OMX/cmex/m/n --> OMX/lmex/m/n on input line 29.
LaTeX Font Info:    Overwriting math alphabet `\mathbf' in version `normal'
(Font)                  OT1/cmr/bx/n --> OT1/lmr/bx/n on input line 31.
LaTeX Font Info:    Overwriting math alphabet `\mathsf' in version `normal'
(Font)                  OT1/cmss/m/n --> OT1/lmss/m/n on input line 32.
LaTeX Font Info:    Overwriting math alphabet `\mathit' in version `normal'
(Font)                  OT1/cmr/m/it --> OT1/lmr/m/it on input line 33.
LaTeX Font Info:    Overwriting math alphabet `\mathtt' in version `normal'
(Font)                  OT1/cmtt/m/n --> OT1/lmtt/m/n on input line 34.
LaTeX Font Info:    Overwriting math alphabet `\mathbf' in version `bold'
(Font)                  OT1/cmr/bx/n --> OT1/lmr/bx/n on input line 35.
LaTeX Font Info:    Overwriting math alphabet `\mathsf' in version `bold'
(Font)                  OT1/cmss/bx/n --> OT1/lmss/bx/n on input line 36.
LaTeX Font Info:    Overwriting math alphabet `\mathit' in version `bold'
(Font)                  OT1/cmr/bx/it --> OT1/lmr/bx/it on input line 37.
LaTeX Font Info:    Overwriting math alphabet `\mathtt' in version `bold'
(Font)                  OT1/cmtt/m/n --> OT1/lmtt/m/n on input line 38.
) (/Users/lalejina/Library/TinyTeX/texmf-dist/tex/generic/iftex/iftex.sty
Package: iftex 2022/02/03 v1.0f TeX engine tests
) (/Users/lalejina/Library/TinyTeX/texmf-dist/tex/latex/base/fontenc.sty
Package: fontenc 2021/04/29 v2.0v Standard LaTeX package
LaTeX Font Info:    Trying to load font information for T1+lmr on input line 112.
(/Users/lalejina/Library/TinyTeX/texmf-dist/tex/latex/lm/t1lmr.fd
File: t1lmr.fd 2015/05/01 v1.6.1 Font defs for Latin Modern
)) (/Users/lalejina/Library/TinyTeX/texmf-dist/tex/latex/base/inputenc.sty
Package: inputenc 2021/02/14 v1.3d Input encoding file
\inpenc@prehook=\toks21
\inpenc@posthook=\toks22
) (/Users/lalejina/Library/TinyTeX/texmf-dist/tex/latex/base/textcomp.sty
Package: textcomp 2020/02/02 v2.0n Standard LaTeX package
) (/Users/lalejina/Library/TinyTeX/texmf-dist/tex/latex/xcolor/xcolor.sty
Package: xcolor 2022/06/12 v2.14 LaTeX color extensions (UK)
(/Users/lalejina/Library/TinyTeX/texmf-dist/tex/latex/graphics-cfg/color.cfg
File: color.cfg 2016/01/02 v1.6 sample color configuration
)
Package xcolor Info: Driver file: pdftex.def on input line 227.
(/Users/lalejina/Library/TinyTeX/texmf-dist/tex/latex/graphics-def/pdftex.def
File: pdftex.def 2022/09/22 v1.2b Graphics/color driver for pdftex
\stockwidth=\dimen148
\stockheight=\dimen149
) (/Users/lalejina/Library/TinyTeX/texmf-dist/tex/latex/graphics/mathcolor.ltx)
Package xcolor Info: Model `cmy' substituted by `cmy0' on input line 1353.
Package xcolor Info: Model `hsb' substituted by `rgb' on input line 1357.
Package xcolor Info: Model `RGB' extended on input line 1369.
Package xcolor Info: Model `HTML' substituted by `rgb' on input line 1371.
Package xcolor Info: Model `Hsb' substituted by `hsb' on input line 1372.
Package xcolor Info: Model `tHsb' substituted by `hsb' on input line 1373.
Package xcolor Info: Model `HSB' substituted by `hsb' on input line 1374.
Package xcolor Info: Model `Gray' substituted by `gray' on input line 1375.
Package xcolor Info: Model `wave' substituted by `hsb' on input line 1376.
) (/Users/lalejina/Library/TinyTeX/texmf-dist/tex/latex/listings/listings.sty (/Users/lalejina/Library/TinyTeX/texmf-dist/tex/latex/graphics/keyval.sty
Package: keyval 2022/05/29 v1.15 key=value parser (DPC)
\KV@toks@=\toks23
)
\lst@mode=\count272
\lst@gtempboxa=\box53
\lst@token=\toks24
\lst@length=\count273
\lst@currlwidth=\dimen150
\lst@column=\count274
\lst@pos=\count275
\lst@lostspace=\dimen151
\lst@width=\dimen152
\lst@newlines=\count276
\lst@lineno=\count277
\lst@maxwidth=\dimen153
(/Users/lalejina/Library/TinyTeX/texmf-dist/tex/latex/listings/lstmisc.sty
File: lstmisc.sty 2020/03/24 1.8d (Carsten Heinz)
\c@lstnumber=\count278
\lst@skipnumbers=\count279
\lst@framebox=\box54
) (/Users/lalejina/Library/TinyTeX/texmf-dist/tex/latex/listings/listings.cfg
File: listings.cfg 2020/03/24 1.8d listings configuration
))
Package: listings 2020/03/24 1.8d (Carsten Heinz)
(/Users/lalejina/Library/TinyTeX/texmf-dist/tex/latex/tools/longtable.sty
Package: longtable 2021-09-01 v4.17 Multi-page Table package (DPC)
\LTleft=\skip52
\LTright=\skip53
\LTpre=\skip54
\LTpost=\skip55
\LTchunksize=\count280
\LTcapwidth=\dimen154
\LT@head=\box55
\LT@firsthead=\box56
\LT@foot=\box57
\LT@lastfoot=\box58
\LT@gbox=\box59
\LT@cols=\count281
\LT@rows=\count282
\c@LT@tables=\count283
\c@LT@chunks=\count284
\LT@p@ftn=\toks25
) (/Users/lalejina/Library/TinyTeX/texmf-dist/tex/latex/booktabs/booktabs.sty
Package: booktabs 2020/01/12 v1.61803398 Publication quality tables
\heavyrulewidth=\dimen155
\lightrulewidth=\dimen156
\cmidrulewidth=\dimen157
\belowrulesep=\dimen158
\belowbottomsep=\dimen159
\aboverulesep=\dimen160
\abovetopsep=\dimen161
\cmidrulesep=\dimen162
\cmidrulekern=\dimen163
\defaultaddspace=\dimen164
\@cmidla=\count285
\@cmidlb=\count286
\@aboverulesep=\dimen165
\@belowrulesep=\dimen166
\@thisruleclass=\count287
\@lastruleclass=\count288
\@thisrulewidth=\dimen167
) (/Users/lalejina/Library/TinyTeX/texmf-dist/tex/latex/tools/array.sty
Package: array 2022/09/04 v2.5g Tabular extension package (FMi)
\col@sep=\dimen168
\ar@mcellbox=\box60
\extrarowheight=\dimen169
\NC@list=\toks26
\extratabsurround=\skip56
\backup@length=\skip57
\ar@cellbox=\box61
) (/Users/lalejina/Library/TinyTeX/texmf-dist/tex/latex/tools/calc.sty
Package: calc 2017/05/25 v4.3 Infix arithmetic (KKT,FJ)
\calc@Acount=\count289
\calc@Bcount=\count290
\calc@Adimen=\dimen170
\calc@Bdimen=\dimen171
\calc@Askip=\skip58
\calc@Bskip=\skip59
LaTeX Info: Redefining \setlength on input line 80.
LaTeX Info: Redefining \addtolength on input line 81.
\calc@Ccount=\count291
\calc@Cskip=\skip60
) (/Users/lalejina/Library/TinyTeX/texmf-dist/tex/latex/etoolbox/etoolbox.sty
Package: etoolbox 2020/10/05 v2.5k e-TeX tools for LaTeX (JAW)
\etb@tempcnta=\count292
) (/Users/lalejina/Library/TinyTeX/texmf-dist/tex/latex/mdwtools/footnote.sty
Package: footnote 1997/01/28 1.13 Save footnotes around boxes
\fn@notes=\box62
\fn@width=\dimen172
) (/Users/lalejina/Library/TinyTeX/texmf-dist/tex/latex/graphics/graphicx.sty
Package: graphicx 2021/09/16 v1.2d Enhanced LaTeX Graphics (DPC,SPQR)
(/Users/lalejina/Library/TinyTeX/texmf-dist/tex/latex/graphics/graphics.sty
Package: graphics 2022/03/10 v1.4e Standard LaTeX Graphics (DPC,SPQR)
(/Users/lalejina/Library/TinyTeX/texmf-dist/tex/latex/graphics/trig.sty
Package: trig 2021/08/11 v1.11 sin cos tan (DPC)
) (/Users/lalejina/Library/TinyTeX/texmf-dist/tex/latex/graphics-cfg/graphics.cfg
File: graphics.cfg 2016/06/04 v1.11 sample graphics configuration
)
Package graphics Info: Driver file: pdftex.def on input line 107.
)
\Gin@req@height=\dimen173
\Gin@req@width=\dimen174
) (/Users/lalejina/Library/TinyTeX/texmf-dist/tex/latex/multirow/multirow.sty
Package: multirow 2021/03/15 v2.8 Span multiple rows of a table
\multirow@colwidth=\skip61
\multirow@cntb=\count293
\multirow@dima=\skip62
\bigstrutjot=\dimen175
) (/Users/lalejina/Library/TinyTeX/texmf-dist/tex/latex/wrapfig/wrapfig.sty
\wrapoverhang=\dimen176
\WF@size=\dimen177
\c@WF@wrappedlines=\count294
\WF@box=\box63
\WF@everypar=\toks27
Package: wrapfig 2003/01/31  v 3.6
) (/Users/lalejina/Library/TinyTeX/texmf-dist/tex/latex/float/float.sty
Package: float 2001/11/08 v1.3d Float enhancements (AL)
\c@float@type=\count295
\float@exts=\toks28
\float@box=\box64
\@float@everytoks=\toks29
\@floatcapt=\box65
) (/Users/lalejina/Library/TinyTeX/texmf-dist/tex/latex/colortbl/colortbl.sty
Package: colortbl 2022/06/20 v1.0f Color table columns (DPC)
\everycr=\toks30
\minrowclearance=\skip63
\rownum=\count296
) (/Users/lalejina/Library/TinyTeX/texmf-dist/tex/latex/pdflscape/pdflscape.sty
Package: pdflscape 2022-10-27 v0.13 Display of landscape pages in PDF
(/Users/lalejina/Library/TinyTeX/texmf-dist/tex/latex/pdflscape/pdflscape-nometadata.sty
Package: pdflscape-nometadata 2022-10-28 v0.13 Display of landscape pages in PDF (HO)
(/Users/lalejina/Library/TinyTeX/texmf-dist/tex/latex/graphics/lscape.sty
Package: lscape 2020/05/28 v3.02 Landscape Pages (DPC)
)
Package pdflscape Info: Auto-detected driver: pdftex on input line 81.
)) (/Users/lalejina/Library/TinyTeX/texmf-dist/tex/latex/tabu/tabu.sty
Package: tabu 2019/01/11 v2.9 - flexible LaTeX tabulars (FC+tabu-fixed)
(/Users/lalejina/Library/TinyTeX/texmf-dist/tex/latex/varwidth/varwidth.sty
Package: varwidth 2009/03/30 ver 0.92;  Variable-width minipages
\@vwid@box=\box66
\sift@deathcycles=\count297
\@vwid@loff=\dimen178
\@vwid@roff=\dimen179
)
\c@taburow=\count298
\tabu@nbcols=\count299
\tabu@cnt=\count300
\tabu@Xcol=\count301
\tabu@alloc=\count302
\tabu@nested=\count303
\tabu@target=\dimen180
\tabu@spreadtarget=\dimen181
\tabu@naturalX=\dimen182
\tabucolX=\dimen183
\tabu@Xsum=\dimen184
\extrarowdepth=\dimen185
\abovetabulinesep=\dimen186
\belowtabulinesep=\dimen187
\tabustrutrule=\dimen188
\tabu@thebody=\toks31
\tabu@footnotes=\toks32
\tabu@box=\box67
\tabu@arstrutbox=\box68
\tabu@hleads=\box69
\tabu@vleads=\box70
\tabu@cellskip=\skip64
) (/Users/lalejina/Library/TinyTeX/texmf-dist/tex/latex/threeparttable/threeparttable.sty
Package: threeparttable 2003/06/13  v 3.0
\@tempboxb=\box71
) (/Users/lalejina/Library/TinyTeX/texmf-dist/tex/latex/threeparttablex/threeparttablex.sty
Package: threeparttablex 2013/07/23 v0.3 by daleif
(/Users/lalejina/Library/TinyTeX/texmf-dist/tex/latex/environ/environ.sty
Package: environ 2014/05/04 v0.3 A new way to define environments
(/Users/lalejina/Library/TinyTeX/texmf-dist/tex/latex/trimspaces/trimspaces.sty
Package: trimspaces 2009/09/17 v1.1 Trim spaces around a token list
))
\TPTL@width=\skip65
) (/Users/lalejina/Library/TinyTeX/texmf-dist/tex/generic/ulem/ulem.sty
\UL@box=\box72
\UL@hyphenbox=\box73
\UL@skip=\skip66
\UL@hook=\toks33
\UL@height=\dimen189
\UL@pe=\count304
\UL@pixel=\dimen190
\ULC@box=\box74
Package: ulem 2019/11/18
\ULdepth=\dimen191
) (/Users/lalejina/Library/TinyTeX/texmf-dist/tex/latex/makecell/makecell.sty
Package: makecell 2009/08/03 V0.1e Managing of Tab Column Heads and Cells
\rotheadsize=\dimen192
\c@nlinenum=\count305
\TeXr@lab=\toks34
) (/Users/lalejina/Library/TinyTeX/texmf-dist/tex/latex/natbib/natbib.sty
Package: natbib 2010/09/13 8.31b (PWD, AO)
\bibhang=\skip67
\bibsep=\skip68
LaTeX Info: Redefining \cite on input line 694.
\c@NAT@ctr=\count306
)
\citation{*}
(/Users/lalejina/Library/TinyTeX/texmf-dist/tex/latex/hyperref/hyperref.sty
Package: hyperref 2023-02-07 v7.00v Hypertext links for LaTeX
(/Users/lalejina/Library/TinyTeX/texmf-dist/tex/generic/ltxcmds/ltxcmds.sty
Package: ltxcmds 2020-05-10 v1.25 LaTeX kernel commands for general use (HO)
) (/Users/lalejina/Library/TinyTeX/texmf-dist/tex/generic/pdftexcmds/pdftexcmds.sty
Package: pdftexcmds 2020-06-27 v0.33 Utility functions of pdfTeX for LuaTeX (HO)
(/Users/lalejina/Library/TinyTeX/texmf-dist/tex/generic/infwarerr/infwarerr.sty
Package: infwarerr 2019/12/03 v1.5 Providing info/warning/error messages (HO)
)
Package pdftexcmds Info: \pdf@primitive is available.
Package pdftexcmds Info: \pdf@ifprimitive is available.
Package pdftexcmds Info: \pdfdraftmode found.
) (/Users/lalejina/Library/TinyTeX/texmf-dist/tex/latex/kvsetkeys/kvsetkeys.sty
Package: kvsetkeys 2022-10-05 v1.19 Key value parser (HO)
) (/Users/lalejina/Library/TinyTeX/texmf-dist/tex/generic/kvdefinekeys/kvdefinekeys.sty
Package: kvdefinekeys 2019-12-19 v1.6 Define keys (HO)
) (/Users/lalejina/Library/TinyTeX/texmf-dist/tex/generic/pdfescape/pdfescape.sty
Package: pdfescape 2019/12/09 v1.15 Implements pdfTeX's escape features (HO)
) (/Users/lalejina/Library/TinyTeX/texmf-dist/tex/latex/hycolor/hycolor.sty
Package: hycolor 2020-01-27 v1.10 Color options for hyperref/bookmark (HO)
) (/Users/lalejina/Library/TinyTeX/texmf-dist/tex/latex/letltxmacro/letltxmacro.sty
Package: letltxmacro 2019/12/03 v1.6 Let assignment for LaTeX macros (HO)
) (/Users/lalejina/Library/TinyTeX/texmf-dist/tex/latex/auxhook/auxhook.sty
Package: auxhook 2019-12-17 v1.6 Hooks for auxiliary files (HO)
) (/Users/lalejina/Library/TinyTeX/texmf-dist/tex/latex/hyperref/nameref.sty
Package: nameref 2022-05-17 v2.50 Cross-referencing by name of section
(/Users/lalejina/Library/TinyTeX/texmf-dist/tex/latex/refcount/refcount.sty
Package: refcount 2019/12/15 v3.6 Data extraction from label references (HO)
) (/Users/lalejina/Library/TinyTeX/texmf-dist/tex/generic/gettitlestring/gettitlestring.sty
Package: gettitlestring 2019/12/15 v1.6 Cleanup title references (HO)
(/Users/lalejina/Library/TinyTeX/texmf-dist/tex/latex/kvoptions/kvoptions.sty
Package: kvoptions 2022-06-15 v3.15 Key value format for package options (HO)
))
\c@section@level=\count307
)
\@linkdim=\dimen193
\Hy@linkcounter=\count308
\Hy@pagecounter=\count309
(/Users/lalejina/Library/TinyTeX/texmf-dist/tex/latex/hyperref/pd1enc.def
File: pd1enc.def 2023-02-07 v7.00v Hyperref: PDFDocEncoding definition (HO)
Now handling font encoding PD1 ...
... no UTF-8 mapping file for font encoding PD1
) (/Users/lalejina/Library/TinyTeX/texmf-dist/tex/generic/intcalc/intcalc.sty
Package: intcalc 2019/12/15 v1.3 Expandable calculations with integers (HO)
) (/Users/lalejina/Library/TinyTeX/texmf-dist/tex/generic/etexcmds/etexcmds.sty
Package: etexcmds 2019/12/15 v1.7 Avoid name clashes with e-TeX commands (HO)
)
\Hy@SavedSpaceFactor=\count310
(/Users/lalejina/Library/TinyTeX/texmf-dist/tex/latex/hyperref/puenc.def
File: puenc.def 2023-02-07 v7.00v Hyperref: PDF Unicode definition (HO)
Now handling font encoding PU ...
... no UTF-8 mapping file for font encoding PU
)
Package hyperref Info: Option `unicode' set `true' on input line 4060.
Package hyperref Info: Hyper figures OFF on input line 4177.
Package hyperref Info: Link nesting OFF on input line 4182.
Package hyperref Info: Hyper index ON on input line 4185.
Package hyperref Info: Plain pages OFF on input line 4192.
Package hyperref Info: Backreferencing OFF on input line 4197.
Package hyperref Info: Implicit mode ON; LaTeX internals redefined.
Package hyperref Info: Bookmarks ON on input line 4425.
\c@Hy@tempcnt=\count311
(/Users/lalejina/Library/TinyTeX/texmf-dist/tex/latex/url/url.sty
\Urlmuskip=\muskip17
Package: url 2013/09/16  ver 3.4  Verb mode for urls, etc.
)
LaTeX Info: Redefining \url on input line 4763.
\XeTeXLinkMargin=\dimen194
(/Users/lalejina/Library/TinyTeX/texmf-dist/tex/generic/bitset/bitset.sty
Package: bitset 2019/12/09 v1.3 Handle bit-vector datatype (HO)
(/Users/lalejina/Library/TinyTeX/texmf-dist/tex/generic/bigintcalc/bigintcalc.sty
Package: bigintcalc 2019/12/15 v1.5 Expandable calculations on big integers (HO)
))
\Fld@menulength=\count312
\Field@Width=\dimen195
\Fld@charsize=\dimen196
Package hyperref Info: Hyper figures OFF on input line 6042.
Package hyperref Info: Link nesting OFF on input line 6047.
Package hyperref Info: Hyper index ON on input line 6050.
Package hyperref Info: backreferencing OFF on input line 6057.
Package hyperref Info: Link coloring OFF on input line 6062.
Package hyperref Info: Link coloring with OCG OFF on input line 6067.
Package hyperref Info: PDF/A mode OFF on input line 6072.
(/Users/lalejina/Library/TinyTeX/texmf-dist/tex/latex/base/atbegshi-ltx.sty
Package: atbegshi-ltx 2021/01/10 v1.0c Emulation of the original atbegshi
package with kernel methods
)
\Hy@abspage=\count313
\c@Item=\count314
\c@Hfootnote=\count315
)
Package hyperref Info: Driver (autodetected): hpdftex.
(/Users/lalejina/Library/TinyTeX/texmf-dist/tex/latex/hyperref/hpdftex.def
File: hpdftex.def 2023-02-07 v7.00v Hyperref driver for pdfTeX
(/Users/lalejina/Library/TinyTeX/texmf-dist/tex/latex/base/atveryend-ltx.sty
Package: atveryend-ltx 2020/08/19 v1.0a Emulation of the original atveryend package
with kernel methods
)
\Fld@listcount=\count316
\c@bookmark@seq@number=\count317
(/Users/lalejina/Library/TinyTeX/texmf-dist/tex/latex/rerunfilecheck/rerunfilecheck.sty
Package: rerunfilecheck 2022-07-10 v1.10 Rerun checks for auxiliary files (HO)
(/Users/lalejina/Library/TinyTeX/texmf-dist/tex/generic/uniquecounter/uniquecounter.sty
Package: uniquecounter 2019/12/15 v1.4 Provide unlimited unique counter (HO)
)
Package uniquecounter Info: New unique counter `rerunfilecheck' on input line 285.
)
\Hy@SectionHShift=\skip69
) (/Users/lalejina/Library/TinyTeX/texmf-dist/tex/latex/l3backend/l3backend-pdftex.def
File: l3backend-pdftex.def 2023-01-16 L3 backend support: PDF output (pdfTeX)
\l__color_backend_stack_int=\count318
\l__pdf_internal_box=\box75
) (./phylogeny-informed-subsampling-supplemental.aux)
\openout1 = `phylogeny-informed-subsampling-supplemental.aux'.

LaTeX Font Info:    Checking defaults for OML/cmm/m/it on input line 103.
LaTeX Font Info:    ... okay on input line 103.
LaTeX Font Info:    Checking defaults for OMS/cmsy/m/n on input line 103.
LaTeX Font Info:    ... okay on input line 103.
LaTeX Font Info:    Checking defaults for OT1/cmr/m/n on input line 103.
LaTeX Font Info:    ... okay on input line 103.
LaTeX Font Info:    Checking defaults for T1/cmr/m/n on input line 103.
LaTeX Font Info:    ... okay on input line 103.
LaTeX Font Info:    Checking defaults for TS1/cmr/m/n on input line 103.
LaTeX Font Info:    ... okay on input line 103.
LaTeX Font Info:    Checking defaults for OMX/cmex/m/n on input line 103.
LaTeX Font Info:    ... okay on input line 103.
LaTeX Font Info:    Checking defaults for U/cmr/m/n on input line 103.
LaTeX Font Info:    ... okay on input line 103.
LaTeX Font Info:    Checking defaults for PD1/pdf/m/n on input line 103.
LaTeX Font Info:    ... okay on input line 103.
LaTeX Font Info:    Checking defaults for PU/pdf/m/n on input line 103.
LaTeX Font Info:    ... okay on input line 103.
(/Users/lalejina/Library/TinyTeX/texmf-dist/tex/latex/epstopdf-pkg/epstopdf-base.sty
Package: epstopdf-base 2020-01-24 v2.11 Base part for package epstopdf
Package epstopdf-base Info: Redefining graphics rule for `.eps' on input line 485.
(/Users/lalejina/Library/TinyTeX/texmf-dist/tex/latex/latexconfig/epstopdf-sys.cfg
File: epstopdf-sys.cfg 2010/07/13 v1.3 Configuration of (r)epstopdf for TeX Live
))
\c@lstlisting=\count319
Package hyperref Info: Link coloring OFF on input line 103.
(./phylogeny-informed-subsampling-supplemental.out) (./phylogeny-informed-subsampling-supplemental.out)
\@outlinefile=\write3
\openout3 = `phylogeny-informed-subsampling-supplemental.out'.

LaTeX Font Info:    Trying to load font information for OT1+lmr on input line 105.
(/Users/lalejina/Library/TinyTeX/texmf-dist/tex/latex/lm/ot1lmr.fd
File: ot1lmr.fd 2015/05/01 v1.6.1 Font defs for Latin Modern
)
LaTeX Font Info:    Trying to load font information for OML+lmm on input line 105.
(/Users/lalejina/Library/TinyTeX/texmf-dist/tex/latex/lm/omllmm.fd
File: omllmm.fd 2015/05/01 v1.6.1 Font defs for Latin Modern
)
LaTeX Font Info:    Trying to load font information for OMS+lmsy on input line 105.
(/Users/lalejina/Library/TinyTeX/texmf-dist/tex/latex/lm/omslmsy.fd
File: omslmsy.fd 2015/05/01 v1.6.1 Font defs for Latin Modern
)
LaTeX Font Info:    Trying to load font information for OMX+lmex on input line 105.
(/Users/lalejina/Library/TinyTeX/texmf-dist/tex/latex/lm/omxlmex.fd
File: omxlmex.fd 2015/05/01 v1.6.1 Font defs for Latin Modern
)
LaTeX Font Info:    External font `lmex10' loaded for size
(Font)              <12> on input line 105.
LaTeX Font Info:    External font `lmex10' loaded for size
(Font)              <8> on input line 105.
LaTeX Font Info:    External font `lmex10' loaded for size
(Font)              <6> on input line 105.
LaTeX Font Info:    Trying to load font information for U+msa on input line 105.
(/Users/lalejina/Library/TinyTeX/texmf-dist/tex/latex/amsfonts/umsa.fd
File: umsa.fd 2013/01/14 v3.01 AMS symbols A
)
LaTeX Font Info:    Trying to load font information for U+msb on input line 105.
(/Users/lalejina/Library/TinyTeX/texmf-dist/tex/latex/amsfonts/umsb.fd
File: umsb.fd 2013/01/14 v3.01 AMS symbols B
)
Overfull \hbox (152.71912pt too wide) in paragraph at lines 105--105
 [][] 
 []

[1


{/Users/lalejina/Library/TinyTeX/texmf-var/fonts/map/pdftex/updmap/pdftex.map}] [2

] (./phylogeny-informed-subsampling-supplemental.toc
LaTeX Font Info:    External font `lmex10' loaded for size
(Font)              <10> on input line 2.
LaTeX Font Info:    External font `lmex10' loaded for size
(Font)              <7> on input line 2.
LaTeX Font Info:    External font `lmex10' loaded for size
(Font)              <5> on input line 2.
[3])
\tf@toc=\write4
\openout4 = `phylogeny-informed-subsampling-supplemental.toc'.

[4]
Chapter 1.
LaTeX Font Info:    Trying to load font information for TS1+lmr on input line 128.
(/Users/lalejina/Library/TinyTeX/texmf-dist/tex/latex/lm/ts1lmr.fd
File: ts1lmr.fd 2015/05/01 v1.6.1 Font defs for Latin Modern
) [5

] [6

]
Chapter 2.
[7] [8

]
Chapter 3.
[9] [10] [11] [12]
Chapter 4.

Underfull \hbox (badness 3792) in paragraph at lines 383--385
[]\T1/lmr/m/n/10 Once cloned, [][][][] into your lo-cal [][][][][][][][][][][]
 []

[13

] [14]
Chapter 5.
(/Users/lalejina/Library/TinyTeX/texmf-dist/tex/latex/listings/lstlang1.sty
File: lstlang1.sty 2020/03/24 1.8d listings language file
) (/Users/lalejina/Library/TinyTeX/texmf-dist/tex/latex/listings/lstlang2.sty
File: lstlang2.sty 2020/03/24 1.8d listings language file
) (/Users/lalejina/Library/TinyTeX/texmf-dist/tex/latex/listings/lstlang3.sty
File: lstlang3.sty 2020/03/24 1.8d listings language file
)
Overfull \hbox (563.00903pt too wide) in paragraph at lines 455--456
[][] 
 []

[15

]
Overfull \hbox (671.01013pt too wide) in paragraph at lines 461--462
[][] 
 []

[16]
Overfull \hbox (755.01099pt too wide) in paragraph at lines 545--546
[][] 
 []

[17] [18]
Overfull \hbox (755.01099pt too wide) in paragraph at lines 618--619
[][] 
 []

[19] [20] [21] [22] [23] [24] [25] [26]
Overfull \hbox (191.70485pt too wide) in paragraph at lines 979--1020
[][] 
 []

[27]
Overfull \hbox (234.73854pt too wide) in paragraph at lines 1040--1053
[][] 
 []

[28]
Overfull \hbox (388.94392pt too wide) in paragraph at lines 1079--1132
[][] 
 []

[29]
<phylogeny-informed-subsampling-supplemental_files/figure-latex/unnamed-chunk-17-1.pdf, id=893, 457.71pt x 312.16624pt>
File: phylogeny-informed-subsampling-supplemental_files/figure-latex/unnamed-chunk-17-1.pdf Graphic file (type pdf)
<use phylogeny-informed-subsampling-supplemental_files/figure-latex/unnamed-chunk-17-1.pdf>
Package pdftex.def Info: phylogeny-informed-subsampling-supplemental_files/figure-latex/unnamed-chunk-17-1.pdf  used on input line 1179.
(pdftex.def)             Requested size: 345.01372pt x 235.30539pt.
[30 <./phylogeny-informed-subsampling-supplemental_files/figure-latex/unnamed-chunk-17-1.pdf>] [31] [32] [33] [34] [35] [36] [37]
<phylogeny-informed-subsampling-supplemental_files/figure-latex/unnamed-chunk-24-1.pdf, id=1261, 465.74pt x 312.16624pt>
File: phylogeny-informed-subsampling-supplemental_files/figure-latex/unnamed-chunk-24-1.pdf Graphic file (type pdf)
<use phylogeny-informed-subsampling-supplemental_files/figure-latex/unnamed-chunk-24-1.pdf>
Package pdftex.def Info: phylogeny-informed-subsampling-supplemental_files/figure-latex/unnamed-chunk-24-1.pdf  used on input line 1525.
(pdftex.def)             Requested size: 345.01175pt x 231.24709pt.
[38 <./phylogeny-informed-subsampling-supplemental_files/figure-latex/unnamed-chunk-24-1.pdf>] [39]
<phylogeny-informed-subsampling-supplemental_files/figure-latex/unnamed-chunk-25-1.pdf, id=1353, 470.75874pt x 319.1925pt>
File: phylogeny-informed-subsampling-supplemental_files/figure-latex/unnamed-chunk-25-1.pdf Graphic file (type pdf)
<use phylogeny-informed-subsampling-supplemental_files/figure-latex/unnamed-chunk-25-1.pdf>
Package pdftex.def Info: phylogeny-informed-subsampling-supplemental_files/figure-latex/unnamed-chunk-25-1.pdf  used on input line 1617.
(pdftex.def)             Requested size: 345.00146pt x 233.92422pt.

Underfull \vbox (badness 10000) has occurred while \output is active []

[40] [41 <./phylogeny-informed-subsampling-supplemental_files/figure-latex/unnamed-chunk-25-1.pdf>] [42

]
Chapter 6.
[43]
Overfull \hbox (755.01099pt too wide) in paragraph at lines 1707--1708
[][] 
 []

[44] [45]
Overfull \hbox (755.01099pt too wide) in paragraph at lines 1780--1781
[][] 
 []

[46] [47] [48] [49] [50] [51] [52]
Overfull \hbox (209.12202pt too wide) in paragraph at lines 2092--2133
[][] 
 []


Underfull \vbox (badness 10000) has occurred while \output is active []

[53]
Overfull \hbox (282.4605pt too wide) in paragraph at lines 2153--2166
[][] 
 []

[54]
Overfull \hbox (422.22137pt too wide) in paragraph at lines 2190--2219
[][] 
 []

[55] [56] [57]
<phylogeny-informed-subsampling-supplemental_files/figure-latex/unnamed-chunk-45-1.pdf, id=2012, 457.71pt x 312.16624pt>
File: phylogeny-informed-subsampling-supplemental_files/figure-latex/unnamed-chunk-45-1.pdf Graphic file (type pdf)
<use phylogeny-informed-subsampling-supplemental_files/figure-latex/unnamed-chunk-45-1.pdf>
Package pdftex.def Info: phylogeny-informed-subsampling-supplemental_files/figure-latex/unnamed-chunk-45-1.pdf  used on input line 2334.
(pdftex.def)             Requested size: 345.01372pt x 235.30539pt.
[58 <./phylogeny-informed-subsampling-supplemental_files/figure-latex/unnamed-chunk-45-1.pdf>] [59] [60]
<phylogeny-informed-subsampling-supplemental_files/figure-latex/unnamed-chunk-48-1.pdf, id=2140, 469.755pt x 321.2pt>
File: phylogeny-informed-subsampling-supplemental_files/figure-latex/unnamed-chunk-48-1.pdf Graphic file (type pdf)
<use phylogeny-informed-subsampling-supplemental_files/figure-latex/unnamed-chunk-48-1.pdf>
Package pdftex.def Info: phylogeny-informed-subsampling-supplemental_files/figure-latex/unnamed-chunk-48-1.pdf  used on input line 2467.
(pdftex.def)             Requested size: 344.997pt x 235.89537pt.

Underfull \vbox (badness 10000) has occurred while \output is active []

[61] [62 <./phylogeny-informed-subsampling-supplemental_files/figure-latex/unnamed-chunk-48-1.pdf>]
Chapter 7.
[63

]
Overfull \hbox (755.01099pt too wide) in paragraph at lines 2557--2558
[][] 
 []

[64] [65]
Overfull \hbox (755.01099pt too wide) in paragraph at lines 2629--2630
[][] 
 []

[66] [67] [68] [69] [70] [71] [72]
Overfull \hbox (214.7598pt too wide) in paragraph at lines 2942--2983
[][] 
 []


Underfull \vbox (badness 10000) has occurred while \output is active []

[73]
Overfull \hbox (269.18329pt too wide) in paragraph at lines 3003--3016
[][] 
 []

[74]
Overfull \hbox (391.72144pt too wide) in paragraph at lines 3040--3093
[][] 
 []


Underfull \vbox (badness 10000) has occurred while \output is active []

[75]
Underfull \vbox (badness 6252) has occurred while \output is active []

[76] [77] [78]
<phylogeny-informed-subsampling-supplemental_files/figure-latex/unnamed-chunk-64-1.pdf, id=2810, 469.755pt x 321.2pt>
File: phylogeny-informed-subsampling-supplemental_files/figure-latex/unnamed-chunk-64-1.pdf Graphic file (type pdf)
<use phylogeny-informed-subsampling-supplemental_files/figure-latex/unnamed-chunk-64-1.pdf>
Package pdftex.def Info: phylogeny-informed-subsampling-supplemental_files/figure-latex/unnamed-chunk-64-1.pdf  used on input line 3236.
(pdftex.def)             Requested size: 344.997pt x 235.89537pt.

Underfull \vbox (badness 10000) has occurred while \output is active []

[79] [80 <./phylogeny-informed-subsampling-supplemental_files/figure-latex/unnamed-chunk-64-1.pdf>]
Chapter 8.
[81

]
Overfull \hbox (755.01099pt too wide) in paragraph at lines 3340--3341
[][] 
 []

[82] [83] [84]
LaTeX Font Info:    Calculating math sizes for size <25> on input line 3450.
LaTeX Font Info:    External font `lmex10' loaded for size
(Font)              <25> on input line 3450.
LaTeX Font Info:    External font `lmex10' loaded for size
(Font)              <17.49992> on input line 3450.
LaTeX Font Info:    External font `lmex10' loaded for size
(Font)              <12.5> on input line 3450.

Overfull \hbox (2510.93813pt too wide) in paragraph at lines 3450--3636
 [][] 
 []


LaTeX Warning: Float too large for page by 1944.79944pt on input line 3636.


Overfull \hbox (755.01099pt too wide) in paragraph at lines 3647--3648
[][] 
 []

[85] [86] [87] [88] [89]
Overfull \hbox (167.84308pt too wide) in paragraph at lines 3831--4076
 [][] 
 []


LaTeX Warning: Float too large for page by 950.79926pt on input line 4076.


Underfull \vbox (badness 5652) has occurred while \output is active []

[90] [91] [92] [93]
No file phylogeny-informed-subsampling-supplemental.bbl.
[94] (./phylogeny-informed-subsampling-supplemental.aux)
Package rerunfilecheck Info: File `phylogeny-informed-subsampling-supplemental.out' has not changed.
(rerunfilecheck)             Checksum: 391A54DFB87B12286C3A37771A4F1CC7;5919.
 ) 
Here is how much of TeX's memory you used:
 18196 strings out of 477035
 282032 string characters out of 5827300
 1026737 words of memory out of 5000000
 36292 multiletter control sequences out of 15000+600000
 550216 words of font info for 92 fonts, out of 8000000 for 9000
 14 hyphenation exceptions out of 8191
 72i,10n,77p,481b,1960s stack positions out of 10000i,1000n,20000p,200000b,200000s
{/Users/lalejina/Library/TinyTeX/texmf-dist/fonts/enc/dvips/lm/lm-ts1.enc}{/Users/lalejina/Library/TinyTeX/texmf-dist/fonts/enc/dvips/lm/lm-ec.enc}</Users/lalejina/Library/TinyTeX/texmf-dist/fonts/type1/public/lm/lmbx10.pfb></Users/lalejina/Library/TinyTeX/texmf-dist/fonts/type1/public/lm/lmbx12.pfb></Users/lalejina/Library/TinyTeX/texmf-dist/fonts/type1/public/lm/lmr10.pfb></Users/lalejina/Library/TinyTeX/texmf-dist/fonts/type1/public/lm/lmr12.pfb></Users/lalejina/Library/TinyTeX/texmf-dist/fonts/type1/public/lm/lmr17.pfb></Users/lalejina/Library/TinyTeX/texmf-dist/fonts/type1/public/lm/lmri10.pfb></Users/lalejina/Library/TinyTeX/texmf-dist/fonts/type1/public/lm/lmro10.pfb>
Output written on phylogeny-informed-subsampling-supplemental.pdf (94 pages, 731564 bytes).
PDF statistics:
 3967 PDF objects out of 4296 (max. 8388607)
 3798 compressed objects within 38 object streams
 2768 named destinations out of 2984 (max. 500000)
 319 words of extra memory for PDF output out of 10000 (max. 10000000)

